2026-03-30 18:17:35,390 - INFO - Avvio elaborazione per socio 2, periodo 202512, data sharing CC001.
2026-03-30 18:17:35,392 - ERROR - Query file not found: C:\Users\gabriele.chiarillo.CDA\source\repos\DataSharing\querysql\cocacola_query.sql
2026-03-30 18:17:35,392 - INFO - Query file not found: C:\Users\gabriele.chiarillo.CDA\source\repos\DataSharing\querysql\cocacola_query.sql
2026-03-30 18:19:22,644 - INFO - Avvio elaborazione per socio 2, periodo 202512, data sharing CC001.
2026-03-30 18:19:22,646 - ERROR - Query file not found: C:\Users\gabriele.chiarillo.CDA\source\repos\DataSharing\querysql\cocacola_query.sql
2026-03-30 18:19:29,539 - INFO - Query file not found: C:\Users\gabriele.chiarillo.CDA\source\repos\DataSharing\querysql\cocacola_query.sql
2026-03-30 18:21:50,341 - INFO - Avvio elaborazione per socio 2, periodo 202512, data sharing CC001.
2026-03-30 18:21:50,342 - ERROR - Query file not found: C:\Users\gabriele.chiarillo.CDA\source\repos\DataSharing\querysql\cocacola_query.sql
2026-03-30 18:21:51,787 - INFO - Query file not found: C:\Users\gabriele.chiarillo.CDA\source\repos\DataSharing\querysql\cocacola_query.sql
2026-03-30 18:24:48,365 - INFO - Avvio elaborazione per socio 2, periodo 202512, data sharing CC001.
2026-03-30 18:25:16,233 - INFO - Raw database results fetched for socio 2: (530, 17)
2026-03-30 18:25:31,292 - INFO - Processed data for socio 2 in xml mode. File: C:\Users\gabriele.chiarillo.CDA\source\repos\DataSharing\OutPut\xml\CWHS_CodiceSAPCocaCola_2_20260330182525.xml
2026-03-30 18:25:31,293 - INFO - Elaborazione completata.
2026-03-30 18:25:31,293 - INFO - Processed data for socio 2 in xml mode. File: C:\Users\gabriele.chiarillo.CDA\source\repos\DataSharing\OutPut\xml\CWHS_CodiceSAPCocaCola_2_20260330182525.xml
2026-03-30 18:27:35,821 - INFO - Avvio elaborazione per socio 2, periodo 202512, data sharing CC001.
2026-03-30 18:27:36,784 - INFO - Raw database results fetched for socio 2: (530, 17)
2026-03-30 18:27:38,693 - INFO - Processed data for socio 2 in xml mode. File: C:\Users\gabriele.chiarillo.CDA\source\repos\DataSharing\OutPut\xml\CWHS_CodiceSAPCocaCola_2_20260330182738.xml
2026-03-30 18:27:38,693 - INFO - Elaborazione completata.
2026-03-30 18:27:38,693 - INFO - Processed data for socio 2 in xml mode. File: C:\Users\gabriele.chiarillo.CDA\source\repos\DataSharing\OutPut\xml\CWHS_CodiceSAPCocaCola_2_20260330182738.xml
2026-03-30 18:28:45,077 - INFO - Avvio elaborazione per socio 7, periodo 202512, data sharing CC002.
2026-03-30 18:28:47,133 - INFO - Raw database results fetched for socio 7: (1669, 19)
2026-03-30 18:28:50,011 - INFO - Processed data for socio 7 in xml mode. File: C:\Users\gabriele.chiarillo.CDA\source\repos\DataSharing\OutPut\xml\CWHS_CodiceSAPCocaColaV2_2_20260330182850.xml
2026-03-30 18:28:50,011 - INFO - Elaborazione completata.
2026-03-30 18:28:50,012 - INFO - Processed data for socio 7 in xml mode. File: C:\Users\gabriele.chiarillo.CDA\source\repos\DataSharing\OutPut\xml\CWHS_CodiceSAPCocaColaV2_2_20260330182850.xml
